E:\BACK\TECHNOLOGYSIMPLEEXAMPLE\BHO_TOOLBAR\TOOLBAND_SRC\DEBUGU\TOOLBAND.PCH
E:\BACK\TECHNOLOGYSIMPLEEXAMPLE\BHO_TOOLBAR\TOOLBAND_SRC\DEBUGU\STDAFX.OBJ
E:\BACK\TECHNOLOGYSIMPLEEXAMPLE\BHO_TOOLBAR\TOOLBAND_SRC\DEBUGU\VC110.PDB
E:\BACK\TECHNOLOGYSIMPLEEXAMPLE\BHO_TOOLBAR\TOOLBAND_SRC\DEBUGU\BANDEDITCTRL.OBJ
E:\BACK\TECHNOLOGYSIMPLEEXAMPLE\BHO_TOOLBAR\TOOLBAND_SRC\DEBUGU\BANDTOOLBARCTRL.OBJ
E:\BACK\TECHNOLOGYSIMPLEEXAMPLE\BHO_TOOLBAR\TOOLBAND_SRC\DEBUGU\TOOLBAND.OBJ
E:\BACK\TECHNOLOGYSIMPLEEXAMPLE\BHO_TOOLBAR\TOOLBAND_SRC\DEBUGU\TOOLBANDOBJ.OBJ
E:\BACK\TECHNOLOGYSIMPLEEXAMPLE\BHO_TOOLBAR\TOOLBAND_SRC\DEBUGU\TOOLBAND.ILK
E:\BACK\TECHNOLOGYSIMPLEEXAMPLE\BHO_TOOLBAR\TOOLBAND_SRC\DEBUGU\TOOLBAND.DLL
E:\BACK\TECHNOLOGYSIMPLEEXAMPLE\BHO_TOOLBAR\TOOLBAND_SRC\DEBUGU\TOOLBAND.PDB
E:\BACK\TECHNOLOGYSIMPLEEXAMPLE\BHO_TOOLBAR\TOOLBAND_SRC\TOOLBAND.TLB
E:\BACK\TECHNOLOGYSIMPLEEXAMPLE\BHO_TOOLBAR\TOOLBAND_SRC\TOOLBAND_P.C
E:\BACK\TECHNOLOGYSIMPLEEXAMPLE\BHO_TOOLBAR\TOOLBAND_SRC\TOOLBAND_I.C
E:\BACK\TECHNOLOGYSIMPLEEXAMPLE\BHO_TOOLBAR\TOOLBAND_SRC\TOOLBAND.H
E:\BACK\TECHNOLOGYSIMPLEEXAMPLE\BHO_TOOLBAR\TOOLBAND_SRC\DEBUGU\TOOLBAND.RES
E:\back\technologySimpleExample\bho_toolbar\toolband_src\DebugU\ToolBand.lib
E:\back\technologySimpleExample\bho_toolbar\toolband_src\DebugU\ToolBand.exp
E:\back\technologySimpleExample\bho_toolbar\toolband_src\DebugU\regsvr32.trg
E:\back\technologySimpleExample\bho_toolbar\toolband_src\DebugU\BandEditCtrl.obj
E:\back\technologySimpleExample\bho_toolbar\toolband_src\DebugU\BandToolBarCtrl.obj
E:\back\technologySimpleExample\bho_toolbar\toolband_src\DebugU\StdAfx.obj
E:\back\technologySimpleExample\bho_toolbar\toolband_src\DebugU\ToolBand.obj
E:\back\technologySimpleExample\bho_toolbar\toolband_src\DebugU\ToolBandObj.obj
E:\back\technologySimpleExample\bho_toolbar\toolband_src\DebugU\ToolBand.ilk
E:\back\technologySimpleExample\bho_toolbar\toolband_src\DebugU\cl.command.1.tlog
E:\back\technologySimpleExample\bho_toolbar\toolband_src\DebugU\CL.read.1.tlog
E:\back\technologySimpleExample\bho_toolbar\toolband_src\DebugU\CL.write.1.tlog
E:\back\technologySimpleExample\bho_toolbar\toolband_src\DebugU\link-cvtres.read.1.tlog
E:\back\technologySimpleExample\bho_toolbar\toolband_src\DebugU\link-cvtres.write.1.tlog
E:\back\technologySimpleExample\bho_toolbar\toolband_src\DebugU\link-rc.read.1.tlog
E:\back\technologySimpleExample\bho_toolbar\toolband_src\DebugU\link-rc.write.1.tlog
E:\back\technologySimpleExample\bho_toolbar\toolband_src\DebugU\link.3008-cvtres.read.1.tlog
E:\back\technologySimpleExample\bho_toolbar\toolband_src\DebugU\link.3008-cvtres.write.1.tlog
E:\back\technologySimpleExample\bho_toolbar\toolband_src\DebugU\link.3008-rc.read.1.tlog
E:\back\technologySimpleExample\bho_toolbar\toolband_src\DebugU\link.3008-rc.write.1.tlog
E:\back\technologySimpleExample\bho_toolbar\toolband_src\DebugU\link.3008.read.1.tlog
E:\back\technologySimpleExample\bho_toolbar\toolband_src\DebugU\link.3008.write.1.tlog
E:\back\technologySimpleExample\bho_toolbar\toolband_src\DebugU\link.5668-cvtres.read.1.tlog
E:\back\technologySimpleExample\bho_toolbar\toolband_src\DebugU\link.5668-cvtres.write.1.tlog
E:\back\technologySimpleExample\bho_toolbar\toolband_src\DebugU\link.5668-rc.read.1.tlog
E:\back\technologySimpleExample\bho_toolbar\toolband_src\DebugU\link.5668-rc.write.1.tlog
E:\back\technologySimpleExample\bho_toolbar\toolband_src\DebugU\link.5668.read.1.tlog
E:\back\technologySimpleExample\bho_toolbar\toolband_src\DebugU\link.5668.write.1.tlog
E:\back\technologySimpleExample\bho_toolbar\toolband_src\DebugU\link.command.1.tlog
E:\back\technologySimpleExample\bho_toolbar\toolband_src\DebugU\link.read.1.tlog
E:\back\technologySimpleExample\bho_toolbar\toolband_src\DebugU\link.write.1.tlog
E:\back\technologySimpleExample\bho_toolbar\toolband_src\DebugU\midl-midlc-cl.read.1.tlog
E:\back\technologySimpleExample\bho_toolbar\toolband_src\DebugU\midl-midlc.read.1.tlog
E:\back\technologySimpleExample\bho_toolbar\toolband_src\DebugU\midl-midlc.write.1.tlog
E:\back\technologySimpleExample\bho_toolbar\toolband_src\DebugU\midl.command.1.tlog
E:\back\technologySimpleExample\bho_toolbar\toolband_src\DebugU\midl.read.1.tlog
E:\back\technologySimpleExample\bho_toolbar\toolband_src\DebugU\midl.write.1.tlog
E:\back\technologySimpleExample\bho_toolbar\toolband_src\DebugU\rc.command.1.tlog
E:\back\technologySimpleExample\bho_toolbar\toolband_src\DebugU\rc.read.1.tlog
E:\back\technologySimpleExample\bho_toolbar\toolband_src\DebugU\rc.write.1.tlog
E:\back\technologySimpleExample\bho_toolbar\toolband_src\DebugU\ToolBand.write.1.tlog
E:\back\technologySimpleExample\bho_toolbar\toolband_src\DebugU\ToolBand.res
E:\back\technologySimpleExample\bho_toolbar\toolband_src\DebugU\ToolBand.pch
E:\back\technologySimpleExample\bho_toolbar\toolband_src\DebugU\vc110.idb
E:\back\technologySimpleExample\bho_toolbar\toolband_src\DebugU\ToolBand.pdb
E:\back\technologySimpleExample\bho_toolbar\toolband_src\DebugU\vc110.pdb
E:\back\technologySimpleExample\bho_toolbar\toolband_src\.\DebugU\ToolBand.dll
